<?xml version="1.0" encoding="UTF-8"?>
<!-- Generated by org.testng.reporters.JUnitReportReporter -->
<testsuite skipped="0" hostname="ININTDT115509" name="cucumberRunner.Runner" tests="3" failures="0" timestamp="03 Jul 2017 10:28:24 GMT" time="2.236" errors="0">
  <testcase name="feature" time="1.230" classname="cucumberRunner.Runner"/>
  <testcase name="feature" time="0.518" classname="cucumberRunner.Runner"/>
  <testcase name="feature" time="0.488" classname="cucumberRunner.Runner"/>
</testsuite> <!-- cucumberRunner.Runner -->
